 1. <a href="http://steamcommunity.com/sharedfiles/filedetails/?id=316190120">Midspace's Admin helper commands</a> Type: Mod. Mod category: script
 2. <a href="http://steamcommunity.com/sharedfiles/filedetails/?id=350106127">CSD Battlecannon</a> Type: Mod. Mod category: Block
 3. <a href="http://steamcommunity.com/sharedfiles/filedetails/?id=358112540">Twin Welders (DX11)</a> Type: Mod. Mod category: Block
 4. <a href="http://steamcommunity.com/sharedfiles/filedetails/?id=385778606">(DX11) Conveyor Hinges - transfer items flexibly</a> Type: Mod. Mod category: Block
 5. <a href="http://steamcommunity.com/sharedfiles/filedetails/?id=386647996">S - Thruster - DX11</a> Type: Mod. Mod category: Block
 6. <a href="http://steamcommunity.com/sharedfiles/filedetails/?id=388580965">(DX11)Minotaur Cannon</a> Type: Mod. Mod category: Block
 7. <a href="http://steamcommunity.com/sharedfiles/filedetails/?id=405233525">(DX11)Deep Space Transceiver</a> Type: Mod. Mod category: Block
 8. <a href="http://steamcommunity.com/sharedfiles/filedetails/?id=416810412">S - Airtight Door - DX11</a> Type: Mod. Mod category: Block
 9. <a href="http://steamcommunity.com/sharedfiles/filedetails/?id=419588209">MWI - Main Battleship Cannon Mk3 (DX11)</a> Type: Mod. Mod category: Block
10. <a href="http://steamcommunity.com/sharedfiles/filedetails/?id=423502909">MWI -Battleship Cannon MK2 (DX11)</a> Type: Mod. Mod category: Block
11. <a href="http://steamcommunity.com/sharedfiles/filedetails/?id=427847648">MWI - Telion Defense System (DX11)</a> Type: Mod. Mod category: Block
12. <a href="http://steamcommunity.com/sharedfiles/filedetails/?id=434749358">[MWI] Telion - Heavy Defense turret (DX11)</a> Type: Mod. Mod category: Block
13. <a href="http://steamcommunity.com/sharedfiles/filedetails/?id=436025957">(DX11) Kolt - Command Console Pack</a> Type: Mod. Mod category: Block, Animation
14. <a href="http://steamcommunity.com/sharedfiles/filedetails/?id=438226588">Hangar Gates (DX 11)</a> Type: Mod. Mod category: Block, modpack, Other
15. <a href="http://steamcommunity.com/sharedfiles/filedetails/?id=443961421">XPAR Modular Energy</a> Type: Mod. Mod category: Block
16. <a href="http://steamcommunity.com/sharedfiles/filedetails/?id=447885637">XPAR Elegant Solar</a> Type: Mod. Mod category: Block
17. <a href="http://steamcommunity.com/sharedfiles/filedetails/?id=454075333">Female Armor "Tungsten" [DX11]</a> Type: Mod. Mod category: Character
18. <a href="http://steamcommunity.com/sharedfiles/filedetails/?id=456560585">S - Anubis - side thruster - DX11</a> Type: Mod. Mod category: Block
19. <a href="http://steamcommunity.com/sharedfiles/filedetails/?id=462318043">[DX9-DX11]    Nebula！ Sailing here！     [VagreLider-江南造神]</a> Type: Mod. Mod category: Skybox
20. <a href="http://steamcommunity.com/sharedfiles/filedetails/?id=471753867">[codecat]Gyroscopes [DX11]</a> Type: Mod. Mod category: Block, modpack
21. <a href="http://steamcommunity.com/sharedfiles/filedetails/?id=475375953">[Mexpex] Heavy Mining Drill</a> Type: Mod. Mod category: Block
22. <a href="http://steamcommunity.com/sharedfiles/filedetails/?id=504250615">S - Cratos thruster - DX11</a> Type: Mod. Mod category: Block
23. <a href="http://steamcommunity.com/sharedfiles/filedetails/?id=531488481">RB Compact Tools (Welder, Grinder & Drill) [DX11]</a> Type: Mod. Mod category: Block
