295393216
297339996
297339996
297348674
299485512
304571628
304571628
321588701
349431610
349431610
349431610
350106127
383448637
383448637
383448637
386647996
388580965
389365187
396080275
404004968
405233525
412183684
416810412
419124752
419124752
419124752
419588209
419588209
419588209
423502909
423502909
423502909
427847648
427847648
427847648
428842256
429053416
429053416
429053416
430267269
434749358
434749358
434749358
436025957
436025957
436025957
436731105
438226588
438226588
438226588
439102144
439102144
440076105
441223817
441722178
443961421
443961421
443961421
446761633
447885637
447885637
447885637
449392448
449392448
449773726
449773726
451486869
454075333
454075714
456560585
467170527
473306528
475375953
