伺服器安裝MOD表(07/30)

工作坊列表：

 1. <a href="http://steamcommunity.com/sharedfiles/filedetails/?id=295393216">(DX11)Armor Thrusters</a> Type: Mod. Mod category: Block
 2. <a href="http://steamcommunity.com/sharedfiles/filedetails/?id=297348674">(DX11) Bunk Bed</a> Type: Mod. Mod category: Block, Character, Animation
 3. <a href="http://steamcommunity.com/sharedfiles/filedetails/?id=299485512">Gyroscope +250%</a> Type: Mod. Mod category: Block
 4. <a href="http://steamcommunity.com/sharedfiles/filedetails/?id=321588701">Automated Inventory Sorting</a> Type: Mod. Mod category: script
 5. <a href="http://steamcommunity.com/sharedfiles/filedetails/?id=349431610">DK Earthbreaker Drill (DX11)</a> Type: Mod. Mod category: Block
 6. <a href="http://steamcommunity.com/sharedfiles/filedetails/?id=350106127">CSD Battlecannon</a> Type: Mod. Mod category: Block
 7. <a href="http://steamcommunity.com/sharedfiles/filedetails/?id=383448637">XL Industrial</a> Type: Mod. Mod category: Block, Production
 8. <a href="http://steamcommunity.com/sharedfiles/filedetails/?id=386647996">S - Thruster - DX11</a> Type: Mod. Mod category: Block
 9. <a href="http://steamcommunity.com/sharedfiles/filedetails/?id=388580965">(DX11)Minotaur Cannon</a> Type: Mod. Mod category: Block
10. <a href="http://steamcommunity.com/sharedfiles/filedetails/?id=389365187">S - Thruster 2 - DX11</a> Type: Mod. Mod category: Block
11. <a href="http://steamcommunity.com/sharedfiles/filedetails/?id=396080275">S - Signs 3 / LCD</a> Type: Mod. Mod category: Block
12. <a href="http://steamcommunity.com/sharedfiles/filedetails/?id=404004968">(DX11) Large Armor Thruster</a> Type: Mod. Mod category: Block
13. <a href="http://steamcommunity.com/sharedfiles/filedetails/?id=405233525">(DX11)Deep Space Transceiver</a> Type: Mod. Mod category: Block
14. <a href="http://steamcommunity.com/sharedfiles/filedetails/?id=412183684">Titan Engine Rebalance</a> Type: Mod. Mod category: Block
15. <a href="http://steamcommunity.com/sharedfiles/filedetails/?id=416810412">S - Airtight Door - DX11</a> Type: Mod. Mod category: Block
16. <a href="http://steamcommunity.com/sharedfiles/filedetails/?id=419124752">Retractable Glass Bridge & Door (DX11)</a> Type: Mod. Mod category: Block
17. <a href="http://steamcommunity.com/sharedfiles/filedetails/?id=419588209">MWI - Main Battleship Cannon Mk3 (DX11)</a> Type: Mod. Mod category: Block
18. <a href="http://steamcommunity.com/sharedfiles/filedetails/?id=423502909">MWI -Battleship Cannon MK2 (DX11)</a> Type: Mod. Mod category: Block
19. <a href="http://steamcommunity.com/sharedfiles/filedetails/?id=427847648">MWI - Telion Defense System (DX11)</a> Type: Mod. Mod category: Block
20. <a href="http://steamcommunity.com/sharedfiles/filedetails/?id=428842256">(DX11) Helmet - first person helmet glass with 3D HUD</a> Type: Mod. Mod category: script, Other
21. <a href="http://steamcommunity.com/sharedfiles/filedetails/?id=429053416">OKI Weapons Collection (DX11)</a> Type: Mod. Mod category: Block, modpack
22. <a href="http://steamcommunity.com/sharedfiles/filedetails/?id=430267269">Ship AI Voice Basic</a> Type: Mod. Mod category: Other, Block
23. <a href="http://steamcommunity.com/sharedfiles/filedetails/?id=434749358">[MWI] Telion - Heavy Defense turret (DX11)</a> Type: Mod. Mod category: Block
24. <a href="http://steamcommunity.com/sharedfiles/filedetails/?id=436025957">(DX11) Kolt - Command Console Pack</a> Type: Mod. Mod category: Block, Animation
25. <a href="http://steamcommunity.com/sharedfiles/filedetails/?id=436731105">AI Enemies - Waves of NPCs</a> Type: Mod. Mod category: Other, script
26. <a href="http://steamcommunity.com/sharedfiles/filedetails/?id=438226588">Hangar Gates</a> Type: Mod. Mod category: Other, Block, modpack
27. <a href="http://steamcommunity.com/sharedfiles/filedetails/?id=440076105">Holographic Projectors</a> Type: Mod. Mod category: Block
28. <a href="http://steamcommunity.com/sharedfiles/filedetails/?id=441223817">SEI Weapon Pack DX11</a> Type: Mod. Mod category: Block, modpack
29. <a href="http://steamcommunity.com/sharedfiles/filedetails/?id=441722178">(DX11) Blast Door</a> Type: Mod. Mod category: Block
30. <a href="http://steamcommunity.com/sharedfiles/filedetails/?id=443961421">XPAR Modular Energy</a> Type: Mod. Mod category: Block
31. <a href="http://steamcommunity.com/sharedfiles/filedetails/?id=446761633">S - Airtight Dome - DX11</a> Type: Mod. Mod category: Block
32. <a href="http://steamcommunity.com/sharedfiles/filedetails/?id=447885637">XPAR Elegant Solar</a> Type: Mod. Mod category: Block
33. <a href="http://steamcommunity.com/sharedfiles/filedetails/?id=451486869">Hammerman decoration pack (DX11)</a> Type: Mod. Mod category: Block, modpack
34. <a href="http://steamcommunity.com/sharedfiles/filedetails/?id=454075333">Female Armor "Tungsten" [DX11]</a> Type: Mod. Mod category: Character
35. <a href="http://steamcommunity.com/sharedfiles/filedetails/?id=454075714">Hightech Armor Blocks -Mod Revamp- (DX11 Support)</a> Type: Mod. Mod category: Block
36. <a href="http://steamcommunity.com/sharedfiles/filedetails/?id=456560585">S - Anubis - side thruster - DX11</a> Type: Mod. Mod category: Block
37. <a href="http://steamcommunity.com/sharedfiles/filedetails/?id=467170527">Azimuth Power Mod Pack~(DX-11 Ready)</a> Type: Mod. Mod category: Block, modpack, Other
38. <a href="http://steamcommunity.com/sharedfiles/filedetails/?id=473306528">S - Interior Walls - DX11</a> Type: Mod. Mod category: Block
39. <a href="http://steamcommunity.com/sharedfiles/filedetails/?id=475375953">[Mexpex] Heavy Mining Drill</a> Type: Mod. Mod category: Block

伺服器 Mods 輸入欄位：

295393216
297348674
299485512
321588701
349431610
350106127
383448637
386647996
388580965
389365187
396080275
404004968
405233525
412183684
416810412
419124752
419588209
423502909
427847648
428842256
429053416
430267269
434749358
436025957
436731105
438226588
440076105
441223817
441722178
443961421
446761633
447885637
451486869
454075333
454075714
456560585
467170527
473306528
475375953

此文件使用 Python v2.7 程式 <a href="https://github.com/nifx28/Utility/blob/master/SpaceEngineers/Mods.py">Mods.py</a> 讀取 <b>C:\Users\使用者\AppData\Roaming\SpaceEngineers\SpaceEngineers.log</b> 產生。
