 1. <a href="http://steamcommunity.com/sharedfiles/filedetails/?id=316190120">Midspace's Admin helper commands</a> Type: Mod. Mod category: script
 2. <a href="http://steamcommunity.com/sharedfiles/filedetails/?id=350106127">CSD Battlecannon</a> Type: Mod. Mod category: Block
 3. <a href="http://steamcommunity.com/sharedfiles/filedetails/?id=386647996">S - Thruster - DX11</a> Type: Mod. Mod category: Block
 4. <a href="http://steamcommunity.com/sharedfiles/filedetails/?id=419588209">MWI - Main Battleship Cannon Mk3 (DX11)</a> Type: Mod. Mod category: Block
 5. <a href="http://steamcommunity.com/sharedfiles/filedetails/?id=423502909">MWI -Battleship Cannon MK2 (DX11)</a> Type: Mod. Mod category: Block
 6. <a href="http://steamcommunity.com/sharedfiles/filedetails/?id=427847648">MWI - Telion Defense System (DX11)</a> Type: Mod. Mod category: Block
 7. <a href="http://steamcommunity.com/sharedfiles/filedetails/?id=434749358">[MWI] Telion - Heavy Defense turret (DX11)</a> Type: Mod. Mod category: Block
 8. <a href="http://steamcommunity.com/sharedfiles/filedetails/?id=438716711">Skybox The Abuss</a> Type: Mod. Mod category: Skybox
 9. <a href="http://steamcommunity.com/sharedfiles/filedetails/?id=454075333">Female Armor "Tungsten" [DX11]</a> Type: Mod. Mod category: Character
10. <a href="http://steamcommunity.com/sharedfiles/filedetails/?id=471753867">[codecat]Gyroscopes [DX11]</a> Type: Mod. Mod category: Block, modpack
11. <a href="http://steamcommunity.com/sharedfiles/filedetails/?id=484504816">Energy Shields</a> Type: Mod. Mod category: Block, Other
12. <a href="http://steamcommunity.com/sharedfiles/filedetails/?id=504250615">S - Cratos thruster - DX11</a> Type: Mod. Mod category: Block
13. <a href="http://steamcommunity.com/sharedfiles/filedetails/?id=562510036">S - Starship Troopers ALL 3 Bugs v1</a> Type: Mod. Mod category: Character
14. <a href="http://steamcommunity.com/sharedfiles/filedetails/?id=565575999">Warbros ft. Okim: Mech & Tank Weapons (DX11 Edition)</a> Type: Mod. Mod category: Block
15. <a href="http://steamcommunity.com/sharedfiles/filedetails/?id=577079238">"Skyblade" Helicopter Propellers</a> Type: Mod. Mod category: Block
16. <a href="http://steamcommunity.com/sharedfiles/filedetails/?id=577522483">Wind energy / Windmill</a> Type: Mod. Mod category: Block, Production
17. <a href="http://steamcommunity.com/sharedfiles/filedetails/?id=617055961">War Against Pirates (IMDC)</a> Type: Mod. Mod category: script, Other
18. <a href="http://steamcommunity.com/sharedfiles/filedetails/?id=644104483">Ship Parachutes</a> Type: Mod. Mod category: Block, Other
19. <a href="http://steamcommunity.com/sharedfiles/filedetails/?id=649590538">(DX11)Stairwell</a> Type: Mod. Mod category: Block
20. <a href="http://steamcommunity.com/sharedfiles/filedetails/?id=655922051">Nanite Control Factory - Automated Construction</a> Type: Mod. Mod category: Block, script
