2015-11-30 00:09:07.594 - Thread:   1 ->  Obtained details: Id=350106127; Result=OK; ugcHandle=704020720271905862; title='CSD Battlecannon'; tags='mod,Block'
2015-11-30 00:09:07.594 - Thread:   1 ->  Obtained details: Id=405233525; Result=OK; ugcHandle=383162706798832109; title='(DX11)Deep Space Transceiver'; tags='mod,Block'
2015-11-30 00:09:07.595 - Thread:   1 ->  Obtained details: Id=423502909; Result=OK; ugcHandle=532894792293482314; title='MWI -Battleship Cannon MK2 (DX11)'; tags='mod,Block'
2015-11-30 00:09:07.595 - Thread:   1 ->  Obtained details: Id=419588209; Result=OK; ugcHandle=687145930896584243; title='MWI - Main Battleship Cannon Mk3 (DX11)'; tags='mod,Block'
2015-11-30 00:09:07.673 - Thread:   1 ->  Obtained details: Id=388580965; Result=OK; ugcHandle=383161437188806311; title='(DX11)Minotaur Cannon'; tags='mod,Block'
2015-11-30 00:09:07.673 - Thread:   1 ->  Obtained details: Id=386647996; Result=OK; ugcHandle=1467398677407737942; title='S - Thruster - DX11'; tags='mod,Block'
2015-11-30 00:09:07.823 - Thread:   1 ->  Obtained details: Id=471753867; Result=OK; ugcHandle=439451688956080073; title='[codecat]Gyroscopes [DX11]'; tags='mod,Block,modpack'
2015-11-30 00:09:07.824 - Thread:   1 ->  Obtained details: Id=443961421; Result=OK; ugcHandle=434950296035532327; title='XPAR Modular Energy'; tags='mod,Block'
2015-11-30 00:09:07.824 - Thread:   1 ->  Obtained details: Id=454075333; Result=OK; ugcHandle=397803283809322520; title='Female Armor "Tungsten" [DX11]'; tags='mod,Character'
2015-11-30 00:09:07.824 - Thread:   1 ->  Obtained details: Id=456560585; Result=OK; ugcHandle=1467398677403618857; title='S - Anubis - side thruster - DX11'; tags='mod,Block'
2015-11-30 00:09:07.824 - Thread:   1 ->  Obtained details: Id=438226588; Result=OK; ugcHandle=693906006107159503; title='Hangar Gates (DX 11)'; tags='mod,Block,modpack,Other'
2015-11-30 00:09:07.824 - Thread:   1 ->  Obtained details: Id=434749358; Result=OK; ugcHandle=687146362860625674; title='[MWI] Telion - Heavy Defense turret (DX11)'; tags='mod,Block'
2015-11-30 00:09:07.824 - Thread:   1 ->  Obtained details: Id=436025957; Result=OK; ugcHandle=396672236072261553; title='(DX11) Kolt - Command Console Pack'; tags='mod,Block,Animation'
2015-11-30 00:09:07.824 - Thread:   1 ->  Obtained details: Id=447885637; Result=OK; ugcHandle=434950296027221297; title='XPAR Elegant Solar'; tags='mod,Block'
2015-11-30 00:09:08.024 - Thread:   1 ->  Obtained details: Id=475375953; Result=OK; ugcHandle=693902202130441658; title='[Mexpex] Heavy Mining Drill'; tags='mod,Block'
2015-11-30 00:09:08.024 - Thread:   1 ->  Obtained details: Id=504250615; Result=OK; ugcHandle=432697227721580639; title='S - Cratos thruster - DX11'; tags='mod,Block'
2015-11-30 00:09:08.024 - Thread:   1 ->  Obtained details: Id=531488481; Result=OK; ugcHandle=391044006151647585; title='RB Compact Tools (Welder, Grinder & Drill) [DX11]'; tags='mod,Block'
2015-11-30 00:09:08.024 - Thread:   1 ->  Obtained details: Id=462318043; Result=OK; ugcHandle=427069814835509625; title='[DX9-DX11]    Nebula！ Sailing here！     [VagreLider-江南造神]'; tags='mod,Skybox'
2015-11-30 00:09:08.025 - Thread:   1 ->  Obtained details: Id=358112540; Result=OK; ugcHandle=445077053395402030; title='Twin Welders (DX11)'; tags='mod,Block'
2015-11-30 00:09:08.025 - Thread:   1 ->  Obtained details: Id=316190120; Result=OK; ugcHandle=387670184643337736; title='Midspace's Admin helper commands'; tags='mod,script'
2015-11-30 00:09:08.025 - Thread:   1 ->  Obtained details: Id=385778606; Result=OK; ugcHandle=45380133006319313; title='(DX11) Conveyor Hinges - transfer items flexibly'; tags='mod,Block'
2015-11-30 00:09:08.175 - Thread:   1 ->  Obtained details: Id=416810412; Result=OK; ugcHandle=447330001872945649; title='S - Airtight Door - DX11'; tags='mod,Block'
2015-11-30 00:09:08.175 - Thread:   1 ->  Obtained details: Id=427847648; Result=OK; ugcHandle=532894792293500770; title='MWI - Telion Defense System (DX11)'; tags='mod,Block'
